Using pre-set license
Built from '2021.3/staging' branch; Version is '2021.3.9f1 (ad3870b89536) revision 11352176'; Using compiler version '192829333'; Build Type 'Release'
OS: 'Windows 11  (10.0.22000) 64bit Professional' Language: 'pt' Physical Memory: 16253 MB
BatchMode: 1, IsHumanControllingUs: 0, StartBugReporterOnCrash: 0, Is64bit: 1, IsPro: 1

COMMAND LINE ARGUMENTS:
C:\Program Files\Unity\Hub\Editor\2021.3.9f1\Editor\Unity.exe
-adb2
-batchMode
-noUpm
-name
AssetImportWorker0
-projectPath
E:/HighLevel/HighLevel
-logFile
Logs/AssetImportWorker0.log
-srvPort
62473
Successfully changed project path to: E:/HighLevel/HighLevel
E:/HighLevel/HighLevel
[UnityMemory] Configuration Parameters - Can be set up in boot.config
    "memorysetup-bucket-allocator-granularity=16"
    "memorysetup-bucket-allocator-bucket-count=8"
    "memorysetup-bucket-allocator-block-size=33554432"
    "memorysetup-bucket-allocator-block-count=8"
    "memorysetup-main-allocator-block-size=16777216"
    "memorysetup-thread-allocator-block-size=16777216"
    "memorysetup-gfx-main-allocator-block-size=16777216"
    "memorysetup-gfx-thread-allocator-block-size=16777216"
    "memorysetup-cache-allocator-block-size=4194304"
    "memorysetup-typetree-allocator-block-size=2097152"
    "memorysetup-profiler-bucket-allocator-granularity=16"
    "memorysetup-profiler-bucket-allocator-bucket-count=8"
    "memorysetup-profiler-bucket-allocator-block-size=33554432"
    "memorysetup-profiler-bucket-allocator-block-count=8"
    "memorysetup-profiler-allocator-block-size=16777216"
    "memorysetup-profiler-editor-allocator-block-size=1048576"
    "memorysetup-temp-allocator-size-main=16777216"
    "memorysetup-job-temp-allocator-block-size=2097152"
    "memorysetup-job-temp-allocator-block-size-background=1048576"
    "memorysetup-job-temp-allocator-reduction-small-platforms=262144"
    "memorysetup-temp-allocator-size-background-worker=32768"
    "memorysetup-temp-allocator-size-job-worker=262144"
    "memorysetup-temp-allocator-size-preload-manager=33554432"
    "memorysetup-temp-allocator-size-nav-mesh-worker=65536"
    "memorysetup-temp-allocator-size-audio-worker=65536"
    "memorysetup-temp-allocator-size-cloud-worker=32768"
    "memorysetup-temp-allocator-size-gi-baking-worker=262144"
    "memorysetup-temp-allocator-size-gfx=262144"
Refreshing native plugins compatible for Editor in 82.37 ms, found 3 plugins.
Preloading 0 native plugins for Editor in 0.00 ms.
Initialize engine version: 2021.3.9f1 (ad3870b89536)
[Subsystems] Discovering subsystems at path C:/Program Files/Unity/Hub/Editor/2021.3.9f1/Editor/Data/Resources/UnitySubsystems
[Subsystems] Discovering subsystems at path E:/HighLevel/HighLevel/Assets
GfxDevice: creating device client; threaded=0; jobified=0
Direct3D:
    Version:  Direct3D 11.0 [level 11.1]
    Renderer: NVIDIA GeForce GTX 1650 (ID=0x1f82)
    Vendor:   NVIDIA
    VRAM:     3962 MB
    Driver:   31.0.15.1659
Initialize mono
Mono path[0] = 'C:/Program Files/Unity/Hub/Editor/2021.3.9f1/Editor/Data/Managed'
Mono path[1] = 'C:/Program Files/Unity/Hub/Editor/2021.3.9f1/Editor/Data/MonoBleedingEdge/lib/mono/unityjit-win32'
Mono config path = 'C:/Program Files/Unity/Hub/Editor/2021.3.9f1/Editor/Data/MonoBleedingEdge/etc'
Using monoOptions --debugger-agent=transport=dt_socket,embedding=1,server=y,suspend=n,address=127.0.0.1:56600
Begin MonoManager ReloadAssembly
Registering precompiled unity dll's ...
Register platform support module: C:/Program Files/Unity/Hub/Editor/2021.3.9f1/Editor/Data/PlaybackEngines/WebGLSupport/UnityEditor.WebGL.Extensions.dll
Register platform support module: C:/Program Files/Unity/Hub/Editor/2021.3.9f1/Editor/Data/PlaybackEngines/AndroidPlayer/UnityEditor.Android.Extensions.dll
Register platform support module: C:/Program Files/Unity/Hub/Editor/2021.3.9f1/Editor/Data/PlaybackEngines/WindowsStandaloneSupport/UnityEditor.WindowsStandalone.Extensions.dll
Register platform support module: C:/Program Files/Unity/Hub/Editor/2021.3.9f1/Editor/Data/PlaybackEngines/MetroSupport/UnityEditor.UWP.Extensions.dll
Registered in 0.004537 seconds.
Native extension for UWP target not found
Native extension for WindowsStandalone target not found
Native extension for Android target not found
Native extension for WebGL target not found
Refreshing native plugins compatible for Editor in 83.85 ms, found 3 plugins.
Preloading 0 native plugins for Editor in 0.00 ms.
Mono: successfully reloaded assembly
- Completed reload, in  0.560 seconds
Domain Reload Profiling:
	ReloadAssembly (561ms)
		BeginReloadAssembly (56ms)
			ExecutionOrderSort (0ms)
			DisableScriptedObjects (0ms)
			BackupInstance (0ms)
			ReleaseScriptingObjects (0ms)
			CreateAndSetChildDomain (1ms)
		EndReloadAssembly (412ms)
			LoadAssemblies (55ms)
			RebuildTransferFunctionScriptingTraits (0ms)
			SetupTypeCache (95ms)
			ReleaseScriptCaches (0ms)
			RebuildScriptCaches (25ms)
			SetupLoadedEditorAssemblies (248ms)
				LogAssemblyErrors (0ms)
				InitializePlatformSupportModulesInManaged (38ms)
				SetLoadedEditorAssemblies (0ms)
				RefreshPlugins (84ms)
				BeforeProcessingInitializeOnLoad (2ms)
				ProcessInitializeOnLoadAttributes (84ms)
				ProcessInitializeOnLoadMethodAttributes (40ms)
				AfterProcessingInitializeOnLoad (0ms)
				EditorAssembliesLoaded (0ms)
			ExecutionOrderSort2 (0ms)
			AwakeInstancesAfterBackupRestoration (0ms)
Platform modules already initialized, skipping
Registering precompiled user dll's ...
Registered in 0.002691 seconds.
Begin MonoManager ReloadAssembly
Symbol file LoadedFromMemory doesn't match image E:\HighLevel\HighLevel\Library\PackageCache\com.unity.visualscripting@1.7.8\Editor\VisualScripting.Core\Dependencies\YamlDotNet\Unity.VisualScripting.YamlDotNet.dll
Symbol file LoadedFromMemory doesn't match image E:\HighLevel\HighLevel\Library\PackageCache\com.unity.visualscripting@1.7.8\Editor\VisualScripting.Core\Dependencies\DotNetZip\Unity.VisualScripting.IonicZip.dll
Native extension for UWP target not found
Native extension for WindowsStandalone target not found
Native extension for Android target not found
Native extension for WebGL target not found
Refreshing native plugins compatible for Editor in 84.91 ms, found 3 plugins.
Preloading 0 native plugins for Editor in 0.00 ms.
Mono: successfully reloaded assembly
- Completed reload, in  1.057 seconds
Domain Reload Profiling:
	ReloadAssembly (1058ms)
		BeginReloadAssembly (93ms)
			ExecutionOrderSort (0ms)
			DisableScriptedObjects (5ms)
			BackupInstance (0ms)
			ReleaseScriptingObjects (0ms)
			CreateAndSetChildDomain (17ms)
		EndReloadAssembly (871ms)
			LoadAssemblies (67ms)
			RebuildTransferFunctionScriptingTraits (0ms)
			SetupTypeCache (255ms)
			ReleaseScriptCaches (1ms)
			RebuildScriptCaches (52ms)
			SetupLoadedEditorAssemblies (462ms)
				LogAssemblyErrors (0ms)
				InitializePlatformSupportModulesInManaged (12ms)
				SetLoadedEditorAssemblies (0ms)
				RefreshPlugins (85ms)
				BeforeProcessingInitializeOnLoad (82ms)
				ProcessInitializeOnLoadAttributes (258ms)
				ProcessInitializeOnLoadMethodAttributes (21ms)
				AfterProcessingInitializeOnLoad (4ms)
				EditorAssembliesLoaded (0ms)
			ExecutionOrderSort2 (0ms)
			AwakeInstancesAfterBackupRestoration (4ms)
Platform modules already initialized, skipping
========================================================================
Worker process is ready to serve import requests
Launched and connected shader compiler UnityShaderCompiler.exe after 0.03 seconds
Refreshing native plugins compatible for Editor in 0.81 ms, found 3 plugins.
Preloading 0 native plugins for Editor in 0.00 ms.
Unloading 3899 Unused Serialized files (Serialized files now loaded: 0)
Unloading 43 unused Assets / (182.8 KB). Loaded Objects now: 4376.
Memory consumption went from 150.0 MB to 149.9 MB.
Total: 3.324100 ms (FindLiveObjects: 0.279900 ms CreateObjectMapping: 0.219000 ms MarkObjects: 2.665300 ms  DeleteObjects: 0.158700 ms)

AssetImportParameters requested are different than current active one (requested -> active):
  custom:video-decoder-ogg-theora: a1e56fd34408186e4bbccfd4996cb3dc -> 
  custom:container-muxer-webm: aa71ff27fc2769a1b78a27578f13a17b -> 
  custom:container-demuxer-webm: 4f35f7cbe854078d1ac9338744f61a02 -> 
  custom:video-encoder-webm-vp8: eb34c28f22e8b96e1ab97ce403110664 -> 
  custom:audio-encoder-webm-vorbis: bf7c407c2cedff20999df2af8eb42d56 -> 
  custom:framework-win-MediaFoundation: 216162199b28c13a410421893ffa2e32 -> 
  custom:container-demuxer-ogg: 62fdf1f143b41e24485cea50d1cbac27 -> 
  custom:video-decoder-webm-vp8: 9c59270c3fd7afecdb556c50c9e8de78 -> 
  custom:audio-decoder-ogg-vorbis: bf7c407c2cedff20999df2af8eb42d56 -> 
========================================================================
Received Import Request.
  Time since last request: 832984.258087 seconds.
  path: Assets/ActionMaps.inputactions
  artifactKey: Guid(0d7de7f01dd2af04c98d751939b10580) Importer(815301076,1909f56bfc062723c751e8b465ee728b)
Start importing Assets/ActionMaps.inputactions using Guid(0d7de7f01dd2af04c98d751939b10580) Importer(815301076,1909f56bfc062723c751e8b465ee728b)  -> (artifact id: 'd40ff6bcdb0161ab10949b9f229afd5f') in 0.027111 seconds 
========================================================================
Received Import Request.
  Time since last request: 1391.725594 seconds.
  path: Assets/Cartoon Heroes/Male
  artifactKey: Guid(8b9b6e637e73c5341beaea90346b0718) Importer(815301076,1909f56bfc062723c751e8b465ee728b)
Start importing Assets/Cartoon Heroes/Male using Guid(8b9b6e637e73c5341beaea90346b0718) Importer(815301076,1909f56bfc062723c751e8b465ee728b)  -> (artifact id: 'aa8b8eb3db045e0d4b2358e67270f7ed') in 0.003960 seconds 
========================================================================
Received Import Request.
  Time since last request: 17.296138 seconds.
  path: Assets/Cartoon Heroes/Male/3D
  artifactKey: Guid(508c5b6a428c4614d93fecb82103dac3) Importer(815301076,1909f56bfc062723c751e8b465ee728b)
Start importing Assets/Cartoon Heroes/Male/3D using Guid(508c5b6a428c4614d93fecb82103dac3) Importer(815301076,1909f56bfc062723c751e8b465ee728b)  -> (artifact id: '70042cc4fb04e12c10c56583f1921aeb') in 0.004682 seconds 
========================================================================
Received Import Request.
  Time since last request: 2.007630 seconds.
  path: Assets/Cartoon Heroes/Male/Textures
  artifactKey: Guid(b5c7f5676e98aad4c92d767616d599fa) Importer(815301076,1909f56bfc062723c751e8b465ee728b)
Start importing Assets/Cartoon Heroes/Male/Textures using Guid(b5c7f5676e98aad4c92d767616d599fa) Importer(815301076,1909f56bfc062723c751e8b465ee728b)  -> (artifact id: 'a40d610882f0ab1cd5c6127181466323') in 0.004352 seconds 
========================================================================
Received Import Request.
  Time since last request: 38.106860 seconds.
  path: Assets/Cartoon Heroes/Weapons/lanca.fbx
  artifactKey: Guid(282064ef5ed865c409bc46bb26c27278) Importer(815301076,1909f56bfc062723c751e8b465ee728b)
Start importing Assets/Cartoon Heroes/Weapons/lanca.fbx using Guid(282064ef5ed865c409bc46bb26c27278) Importer(815301076,1909f56bfc062723c751e8b465ee728b)  -> (artifact id: '13d2e46f849000b3ebf8d5f7a15997ba') in 0.100508 seconds 
========================================================================
Received Import Request.
  Time since last request: 25.813736 seconds.
  path: Assets/Cartoon Heroes/Weapons/lanca.fbx
  artifactKey: Guid(282064ef5ed865c409bc46bb26c27278) Importer(815301076,1909f56bfc062723c751e8b465ee728b)
Start importing Assets/Cartoon Heroes/Weapons/lanca.fbx using Guid(282064ef5ed865c409bc46bb26c27278) Importer(815301076,1909f56bfc062723c751e8b465ee728b)  -> (artifact id: '81233d94bf8453380fb80ff2b9e3814d') in 0.191318 seconds 
========================================================================
Received Import Request.
  Time since last request: 3.332958 seconds.
  path: Assets/Cartoon Heroes/Weapons/lanca.fbx
  artifactKey: Guid(282064ef5ed865c409bc46bb26c27278) Importer(815301076,1909f56bfc062723c751e8b465ee728b)
Start importing Assets/Cartoon Heroes/Weapons/lanca.fbx using Guid(282064ef5ed865c409bc46bb26c27278) Importer(815301076,1909f56bfc062723c751e8b465ee728b)  -> (artifact id: '8558f4dad8afff836a93f15960db41fe') in 0.025787 seconds 
========================================================================
Received Import Request.
  Time since last request: 9.335475 seconds.
  path: Assets/Cartoon Heroes/Weapons/lanca.fbx
  artifactKey: Guid(282064ef5ed865c409bc46bb26c27278) Importer(815301076,1909f56bfc062723c751e8b465ee728b)
Start importing Assets/Cartoon Heroes/Weapons/lanca.fbx using Guid(282064ef5ed865c409bc46bb26c27278) Importer(815301076,1909f56bfc062723c751e8b465ee728b)  -> (artifact id: '414f1716f52a1f1cf36262914d6f1a1b') in 0.060284 seconds 
========================================================================
Received Import Request.
  Time since last request: 6.210564 seconds.
  path: Assets/Cartoon Heroes/Weapons/Sword_4
  artifactKey: Guid(fe48f68aaf487dc4f8e0ecbc4cabd472) Importer(815301076,1909f56bfc062723c751e8b465ee728b)
Start importing Assets/Cartoon Heroes/Weapons/Sword_4 using Guid(fe48f68aaf487dc4f8e0ecbc4cabd472) Importer(815301076,1909f56bfc062723c751e8b465ee728b)  -> (artifact id: 'e0b62608d1be832db9aa27edd84b5b5e') in 0.003702 seconds 
========================================================================
Received Import Request.
  Time since last request: 1.101416 seconds.
  path: Assets/Cartoon Heroes/Weapons/Sword_4/3D
  artifactKey: Guid(d7678580fd5cdbc4783254b7b7a16e0e) Importer(815301076,1909f56bfc062723c751e8b465ee728b)
Start importing Assets/Cartoon Heroes/Weapons/Sword_4/3D using Guid(d7678580fd5cdbc4783254b7b7a16e0e) Importer(815301076,1909f56bfc062723c751e8b465ee728b)  -> (artifact id: 'c4d946fe8362476b90538890576045f8') in 0.001055 seconds 
========================================================================
Received Import Request.
  Time since last request: 0.080379 seconds.
  path: Assets/Cartoon Heroes/Weapons/Sword_4/3D/Sword_4.FBX
  artifactKey: Guid(daf4cb1cdf7a5164787c39b820a85b93) Importer(815301076,1909f56bfc062723c751e8b465ee728b)
Start importing Assets/Cartoon Heroes/Weapons/Sword_4/3D/Sword_4.FBX using Guid(daf4cb1cdf7a5164787c39b820a85b93) Importer(815301076,1909f56bfc062723c751e8b465ee728b)  -> (artifact id: '2f1fb7e1cd03cf319c49adfc8e7ca5bc') in 0.011362 seconds 
========================================================================
Received Import Request.
  Time since last request: 1.481463 seconds.
  path: Assets/Cartoon Heroes/Weapons/Sword_4/3D/Materials
  artifactKey: Guid(d3b6fbea978a23e4183434d58f3ac58c) Importer(815301076,1909f56bfc062723c751e8b465ee728b)
Start importing Assets/Cartoon Heroes/Weapons/Sword_4/3D/Materials using Guid(d3b6fbea978a23e4183434d58f3ac58c) Importer(815301076,1909f56bfc062723c751e8b465ee728b)  -> (artifact id: 'd5a6dd3a9a29250e641ba76b7ae4ffe3') in 0.003846 seconds 
========================================================================
Received Import Request.
  Time since last request: 0.067539 seconds.
  path: Assets/Cartoon Heroes/Weapons/Sword_4/3D/Materials/Sword_4.mat
  artifactKey: Guid(5d28f31335931cd40bfdf6e9d58bc1f2) Importer(815301076,1909f56bfc062723c751e8b465ee728b)
Start importing Assets/Cartoon Heroes/Weapons/Sword_4/3D/Materials/Sword_4.mat using Guid(5d28f31335931cd40bfdf6e9d58bc1f2) Importer(815301076,1909f56bfc062723c751e8b465ee728b)  -> (artifact id: '06829ba893b7f2118837f42c253476f8') in 0.009955 seconds 
========================================================================
Received Import Request.
  Time since last request: 0.000018 seconds.
  path: Assets/Cartoon Heroes/Weapons/Sword_4/3D/Materials/Sword_4_Yellow.mat
  artifactKey: Guid(f2013b95037b0aa48a3170f71df13812) Importer(815301076,1909f56bfc062723c751e8b465ee728b)
Start importing Assets/Cartoon Heroes/Weapons/Sword_4/3D/Materials/Sword_4_Yellow.mat using Guid(f2013b95037b0aa48a3170f71df13812) Importer(815301076,1909f56bfc062723c751e8b465ee728b)  -> (artifact id: '8e8ad96d07febb8730a63d87e2f64aac') in 0.033699 seconds 
========================================================================
Received Import Request.
  Time since last request: 7.053221 seconds.
  path: Assets/Cartoon Heroes/Weapons
  artifactKey: Guid(8d635e102b4981c42b80f007eeb5db1a) Importer(815301076,1909f56bfc062723c751e8b465ee728b)
Start importing Assets/Cartoon Heroes/Weapons using Guid(8d635e102b4981c42b80f007eeb5db1a) Importer(815301076,1909f56bfc062723c751e8b465ee728b)  -> (artifact id: '5e103e497570444aa5422618d361d69b') in 0.003849 seconds 
========================================================================
Received Import Request.
  Time since last request: 8.533252 seconds.
  path: Assets/Cartoon Heroes/Weapons/Lanca.mat
  artifactKey: Guid(b22da1a9f1bb6a04db1f730d56446bd3) Importer(815301076,1909f56bfc062723c751e8b465ee728b)
Start importing Assets/Cartoon Heroes/Weapons/Lanca.mat using Guid(b22da1a9f1bb6a04db1f730d56446bd3) Importer(815301076,1909f56bfc062723c751e8b465ee728b)  -> (artifact id: 'd472ada043d52dcf90ee9ac1c2b87260') in 0.008482 seconds 
========================================================================
Received Prepare
Registering precompiled user dll's ...
Registered in 0.002474 seconds.
Begin MonoManager ReloadAssembly
Symbol file LoadedFromMemory doesn't match image E:\HighLevel\HighLevel\Library\PackageCache\com.unity.visualscripting@1.7.8\Editor\VisualScripting.Core\Dependencies\YamlDotNet\Unity.VisualScripting.YamlDotNet.dll
Symbol file LoadedFromMemory doesn't match image E:\HighLevel\HighLevel\Library\PackageCache\com.unity.visualscripting@1.7.8\Editor\VisualScripting.Core\Dependencies\DotNetZip\Unity.VisualScripting.IonicZip.dll
Native extension for UWP target not found
Native extension for WindowsStandalone target not found
Native extension for Android target not found
Native extension for WebGL target not found
Refreshing native plugins compatible for Editor in 0.69 ms, found 3 plugins.
Preloading 0 native plugins for Editor in 0.00 ms.
Mono: successfully reloaded assembly
- Completed reload, in  0.912 seconds
Domain Reload Profiling:
	ReloadAssembly (913ms)
		BeginReloadAssembly (112ms)
			ExecutionOrderSort (0ms)
			DisableScriptedObjects (5ms)
			BackupInstance (0ms)
			ReleaseScriptingObjects (0ms)
			CreateAndSetChildDomain (33ms)
		EndReloadAssembly (717ms)
			LoadAssemblies (63ms)
			RebuildTransferFunctionScriptingTraits (0ms)
			SetupTypeCache (234ms)
			ReleaseScriptCaches (1ms)
			RebuildScriptCaches (36ms)
			SetupLoadedEditorAssemblies (341ms)
				LogAssemblyErrors (0ms)
				InitializePlatformSupportModulesInManaged (19ms)
				SetLoadedEditorAssemblies (0ms)
				RefreshPlugins (1ms)
				BeforeProcessingInitializeOnLoad (63ms)
				ProcessInitializeOnLoadAttributes (230ms)
				ProcessInitializeOnLoadMethodAttributes (23ms)
				AfterProcessingInitializeOnLoad (4ms)
				EditorAssembliesLoaded (0ms)
			ExecutionOrderSort2 (0ms)
			AwakeInstancesAfterBackupRestoration (4ms)
Platform modules already initialized, skipping
Refreshing native plugins compatible for Editor in 1.47 ms, found 3 plugins.
Preloading 0 native plugins for Editor in 0.00 ms.
Unloading 3894 Unused Serialized files (Serialized files now loaded: 0)
Unloading 22 unused Assets / (150.1 KB). Loaded Objects now: 4434.
Memory consumption went from 154.6 MB to 154.5 MB.
Total: 3.047300 ms (FindLiveObjects: 0.334200 ms CreateObjectMapping: 0.288900 ms MarkObjects: 2.319500 ms  DeleteObjects: 0.103700 ms)

AssetImportParameters requested are different than current active one (requested -> active):
  custom:video-decoder-ogg-theora: a1e56fd34408186e4bbccfd4996cb3dc -> 
  custom:container-muxer-webm: aa71ff27fc2769a1b78a27578f13a17b -> 
  custom:container-demuxer-webm: 4f35f7cbe854078d1ac9338744f61a02 -> 
  custom:video-encoder-webm-vp8: eb34c28f22e8b96e1ab97ce403110664 -> 
  custom:audio-encoder-webm-vorbis: bf7c407c2cedff20999df2af8eb42d56 -> 
  custom:framework-win-MediaFoundation: 216162199b28c13a410421893ffa2e32 -> 
  custom:container-demuxer-ogg: 62fdf1f143b41e24485cea50d1cbac27 -> 
  custom:video-decoder-webm-vp8: 9c59270c3fd7afecdb556c50c9e8de78 -> 
  custom:audio-decoder-ogg-vorbis: bf7c407c2cedff20999df2af8eb42d56 -> 
========================================================================
Received Import Request.
  Time since last request: 248.960194 seconds.
  path: Assets/Cartoon Heroes/Weapons/Lanca.mat
  artifactKey: Guid(b22da1a9f1bb6a04db1f730d56446bd3) Importer(815301076,1909f56bfc062723c751e8b465ee728b)
Start importing Assets/Cartoon Heroes/Weapons/Lanca.mat using Guid(b22da1a9f1bb6a04db1f730d56446bd3) Importer(815301076,1909f56bfc062723c751e8b465ee728b)  -> (artifact id: 'b2e69862f5e817512f59ecef7d7c1eb7') in 0.063348 seconds 
